{"email":"me@gmail.com","level":"debug","message":"Login attempt:","timestamp":"2025-06-02T18:45:27.233Z"}
{"email":"me@gmail.com","level":"debug","message":"Comparing password for user:","timestamp":"2025-06-02T18:45:27.320Z"}
{"level":"info","message":"User logged in successfully:","timestamp":"2025-06-02T18:45:27.400Z","userId":"683cce338e1e17b765bb2328"}
{"email":"me@gmail.com","error":"Maximum call stack size exceeded","level":"error","message":"Login error:","stack":"RangeError: Maximum call stack size exceeded\n    at get id (C:\\Users\\sulmu\\source\\repos\\Toodo.API\\Toodo.Express.API\\node_modules\\bson\\lib\\bson.cjs:2065:11)\n    at ObjectId.toHexString (C:\\Users\\sulmu\\source\\repos\\Toodo.API\\Toodo.Express.API\\node_modules\\bson\\lib\\bson.cjs:2078:48)\n    at ObjectId.toString (C:\\Users\\sulmu\\source\\repos\\Toodo.API\\Toodo.Express.API\\node_modules\\bson\\lib\\bson.cjs:2112:21)\n    at String (<anonymous>)\n    at Object.toLocalBufferType (C:\\Users\\sulmu\\source\\repos\\Toodo.API\\Toodo.Express.API\\node_modules\\bson\\lib\\bson.cjs:136:58)\n    at Object.toHex (C:\\Users\\sulmu\\source\\repos\\Toodo.API\\Toodo.Express.API\\node_modules\\bson\\lib\\bson.cjs:163:32)\n    at ObjectId.toHexString (C:\\Users\\sulmu\\source\\repos\\Toodo.API\\Toodo.Express.API\\node_modules\\bson\\lib\\bson.cjs:2078:37)\n    at ObjectId.toString (C:\\Users\\sulmu\\source\\repos\\Toodo.API\\Toodo.Express.API\\node_modules\\bson\\lib\\bson.cjs:2112:21)\n    at String (<anonymous>)\n    at Object.toLocalBufferType (C:\\Users\\sulmu\\source\\repos\\Toodo.API\\Toodo.Express.API\\node_modules\\bson\\lib\\bson.cjs:136:58)","timestamp":"2025-06-02T18:45:27.404Z"}
{"email":"me@gmail.com","level":"debug","message":"Login attempt:","timestamp":"2025-06-02T18:46:11.376Z"}
{"email":"me@gmail.com","level":"debug","message":"Comparing password for user:","timestamp":"2025-06-02T18:46:11.445Z"}
{"level":"info","message":"User logged in successfully:","timestamp":"2025-06-02T18:46:11.529Z","userId":"683cce338e1e17b765bb2328"}
{"level":"debug","message":"Fetching projects for user:","timestamp":"2025-06-02T18:46:11.594Z","userId":"683cce338e1e17b765bb2328"}
{"count":1,"level":"info","message":"Projects fetched successfully","timestamp":"2025-06-02T18:46:11.680Z"}
{"level":"debug","message":"Fetching projects for user:","timestamp":"2025-06-02T18:46:15.303Z","userId":"683cce338e1e17b765bb2328"}
{"count":1,"level":"info","message":"Projects fetched successfully","timestamp":"2025-06-02T18:46:15.364Z"}
{"level":"debug","message":"Fetching projects for user:","timestamp":"2025-06-02T18:46:16.138Z","userId":"683cce338e1e17b765bb2328"}
{"count":1,"level":"info","message":"Projects fetched successfully","timestamp":"2025-06-02T18:46:16.202Z"}
{"level":"debug","message":"Fetching projects for user:","timestamp":"2025-06-02T18:48:37.285Z","userId":"683cce338e1e17b765bb2328"}
{"count":1,"level":"info","message":"Projects fetched successfully","timestamp":"2025-06-02T18:48:37.355Z"}
{"email":"me@gmail.com","level":"debug","message":"Login attempt:","timestamp":"2025-06-02T18:48:39.356Z"}
{"email":"me@gmail.com","level":"debug","message":"Comparing password for user:","timestamp":"2025-06-02T18:48:39.419Z"}
{"level":"info","message":"User logged in successfully:","timestamp":"2025-06-02T18:48:39.499Z","userId":"683cce338e1e17b765bb2328"}
{"level":"debug","message":"Fetching projects for user:","timestamp":"2025-06-02T18:48:39.534Z","userId":"683cce338e1e17b765bb2328"}
{"count":1,"level":"info","message":"Projects fetched successfully","timestamp":"2025-06-02T18:48:39.595Z"}
{"level":"debug","message":"Fetching projects for user:","timestamp":"2025-06-02T18:48:40.774Z","userId":"683cce338e1e17b765bb2328"}
{"count":1,"level":"info","message":"Projects fetched successfully","timestamp":"2025-06-02T18:48:40.835Z"}
{"level":"debug","message":"Fetching projects for user:","timestamp":"2025-06-02T18:48:41.467Z","userId":"683cce338e1e17b765bb2328"}
{"count":1,"level":"info","message":"Projects fetched successfully","timestamp":"2025-06-02T18:48:41.528Z"}
{"level":"debug","message":"Fetching projects for user:","timestamp":"2025-06-02T18:49:10.127Z","userId":"683cce338e1e17b765bb2328"}
{"count":1,"level":"info","message":"Projects fetched successfully","timestamp":"2025-06-02T18:49:10.196Z"}
{"level":"debug","message":"Fetching projects for user:","timestamp":"2025-06-02T18:50:43.156Z","userId":"683cce338e1e17b765bb2328"}
{"count":1,"level":"info","message":"Projects fetched successfully","timestamp":"2025-06-02T18:50:43.235Z"}
{"level":"debug","message":"Creating new project:","name":"fgfget","timestamp":"2025-06-02T18:50:53.672Z","userId":"683cce338e1e17b765bb2328"}
{"level":"info","message":"Project created successfully","projectId":"683df28d091d7bfda361a5ea","timestamp":"2025-06-02T18:50:53.753Z"}
{"level":"debug","message":"Fetching projects for user:","timestamp":"2025-06-02T18:50:53.804Z","userId":"683cce338e1e17b765bb2328"}
{"count":2,"level":"info","message":"Projects fetched successfully","timestamp":"2025-06-02T18:50:53.865Z"}
{"level":"debug","message":"Deleting project:","projectId":"683dee51ad5b83788feb64cb","timestamp":"2025-06-02T18:51:21.083Z","userId":"683cce338e1e17b765bb2328"}
{"level":"error","message":"Error deleting project: project.remove is not a function","stack":"TypeError: project.remove is not a function\n    at C:\\Users\\sulmu\\source\\repos\\Toodo.API\\Toodo.Express.API\\src\\routes\\projects.js:112:19\n    at process.processTicksAndRejections (node:internal/process/task_queues:105:5)","timestamp":"2025-06-02T18:51:21.144Z"}
{"level":"debug","message":"Fetching projects for user:","timestamp":"2025-06-02T18:51:23.888Z","userId":"683cce338e1e17b765bb2328"}
{"count":2,"level":"info","message":"Projects fetched successfully","timestamp":"2025-06-02T18:51:23.950Z"}
{"level":"debug","message":"Fetching projects for user:","timestamp":"2025-06-02T18:51:26.183Z","userId":"683cce338e1e17b765bb2328"}
{"count":2,"level":"info","message":"Projects fetched successfully","timestamp":"2025-06-02T18:51:26.246Z"}
{"level":"debug","message":"Deleting project:","projectId":"683dee51ad5b83788feb64cb","timestamp":"2025-06-02T18:51:27.134Z","userId":"683cce338e1e17b765bb2328"}
{"level":"error","message":"Error deleting project: project.remove is not a function","stack":"TypeError: project.remove is not a function\n    at C:\\Users\\sulmu\\source\\repos\\Toodo.API\\Toodo.Express.API\\src\\routes\\projects.js:112:19\n    at process.processTicksAndRejections (node:internal/process/task_queues:105:5)","timestamp":"2025-06-02T18:51:27.200Z"}
{"level":"debug","message":"Fetching projects for user:","timestamp":"2025-06-02T18:56:17.389Z","userId":"683cce338e1e17b765bb2328"}
{"count":2,"level":"info","message":"Projects fetched successfully","timestamp":"2025-06-02T18:56:17.451Z"}
{"level":"debug","message":"Fetching project:","projectId":"683df28d091d7bfda361a5ea","timestamp":"2025-06-02T18:56:27.479Z","userId":"683cce338e1e17b765bb2328"}
{"level":"info","message":"Project fetched successfully","projectId":"683df28d091d7bfda361a5ea","timestamp":"2025-06-02T18:56:27.643Z"}
{"level":"debug","message":"Fetching projects for user:","timestamp":"2025-06-02T18:56:28.844Z","userId":"683cce338e1e17b765bb2328"}
{"count":2,"level":"info","message":"Projects fetched successfully","timestamp":"2025-06-02T18:56:29.519Z"}
{"level":"debug","message":"Fetching project:","projectId":"683dee51ad5b83788feb64cb","timestamp":"2025-06-02T18:56:30.431Z","userId":"683cce338e1e17b765bb2328"}
{"level":"info","message":"Project fetched successfully","projectId":"683dee51ad5b83788feb64cb","timestamp":"2025-06-02T18:56:30.590Z"}
{"level":"debug","message":"Creating board:","name":"dsasdsa","projectId":"683dee51ad5b83788feb64cb","timestamp":"2025-06-02T19:05:34.648Z","userId":"683cce338e1e17b765bb2328"}
{"hasName":true,"hasOrder":false,"hasProjectId":true,"level":"warn","message":"Missing required fields:","timestamp":"2025-06-02T19:05:34.651Z"}
{"level":"debug","message":"Creating board:","name":"dsasdsa","projectId":"683dee51ad5b83788feb64cb","timestamp":"2025-06-02T19:06:52.721Z","userId":"683cce338e1e17b765bb2328"}
{"board":{"_id":"683df64ccc585c27ac7648e3","createdAt":"2025-06-02T19:06:52.895Z","description":"dsa","name":"dsasdsa","order":0,"project":"683dee51ad5b83788feb64cb","tasks":[]},"level":"debug","message":"Saving board:","timestamp":"2025-06-02T19:06:52.895Z"}
{"boardId":"683df64ccc585c27ac7648e3","level":"info","message":"Board created successfully:","projectId":"683dee51ad5b83788feb64cb","timestamp":"2025-06-02T19:06:53.036Z","userId":"683cce338e1e17b765bb2328"}
{"level":"debug","message":"Fetching project:","projectId":"683dee51ad5b83788feb64cb","timestamp":"2025-06-02T19:06:53.189Z","userId":"683cce338e1e17b765bb2328"}
{"level":"info","message":"Project fetched successfully","projectId":"683dee51ad5b83788feb64cb","timestamp":"2025-06-02T19:06:53.323Z"}
{"level":"debug","message":"Fetching project:","projectId":"683dee51ad5b83788feb64cb","timestamp":"2025-06-02T19:06:57.159Z","userId":"683cce338e1e17b765bb2328"}
{"level":"info","message":"Project fetched successfully","projectId":"683dee51ad5b83788feb64cb","timestamp":"2025-06-02T19:06:57.293Z"}
{"level":"debug","message":"Fetching projects for user:","timestamp":"2025-06-02T19:07:02.194Z","userId":"683cce338e1e17b765bb2328"}
{"count":2,"level":"info","message":"Projects fetched successfully","timestamp":"2025-06-02T19:07:02.257Z"}
{"level":"debug","message":"Creating new project:","name":"Web3","timestamp":"2025-06-02T19:07:15.912Z","userId":"683cce338e1e17b765bb2328"}
{"level":"info","message":"Project created successfully","projectId":"683df663cc585c27ac7648ef","timestamp":"2025-06-02T19:07:15.983Z"}
{"level":"debug","message":"Fetching projects for user:","timestamp":"2025-06-02T19:07:16.005Z","userId":"683cce338e1e17b765bb2328"}
{"count":3,"level":"info","message":"Projects fetched successfully","timestamp":"2025-06-02T19:07:16.070Z"}
{"level":"debug","message":"Fetching project:","projectId":"683df663cc585c27ac7648ef","timestamp":"2025-06-02T19:07:17.123Z","userId":"683cce338e1e17b765bb2328"}
{"level":"info","message":"Project fetched successfully","projectId":"683df663cc585c27ac7648ef","timestamp":"2025-06-02T19:07:17.248Z"}
{"level":"debug","message":"Creating board:","name":"Somboad","projectId":"683df663cc585c27ac7648ef","timestamp":"2025-06-02T19:07:25.489Z","userId":"683cce338e1e17b765bb2328"}
{"board":{"_id":"683df66dcc585c27ac7648f9","createdAt":"2025-06-02T19:07:25.615Z","description":null,"name":"Somboad","order":0,"project":"683df663cc585c27ac7648ef","tasks":[]},"level":"debug","message":"Saving board:","timestamp":"2025-06-02T19:07:25.615Z"}
{"boardId":"683df66dcc585c27ac7648f9","level":"info","message":"Board created successfully:","projectId":"683df663cc585c27ac7648ef","timestamp":"2025-06-02T19:07:25.749Z","userId":"683cce338e1e17b765bb2328"}
{"level":"debug","message":"Fetching project:","projectId":"683df663cc585c27ac7648ef","timestamp":"2025-06-02T19:07:25.883Z","userId":"683cce338e1e17b765bb2328"}
{"level":"info","message":"Project fetched successfully","projectId":"683df663cc585c27ac7648ef","timestamp":"2025-06-02T19:07:26.006Z"}
{"boardId":"683df66dcc585c27ac7648f9","level":"debug","message":"Creating task:","priority":"Medium","status":"InProgress","timestamp":"2025-06-02T19:08:14.887Z","title":"das","userId":"683cce338e1e17b765bb2328"}
{"level":"debug","message":"Saving task:","task":{"_id":"683df69f62cb3b78dd64d261","assignedTo":[],"board":"683df66dcc585c27ac7648f9","createdAt":"2025-06-02T19:08:15.089Z","dueDate":"2025-06-10T23:00:00.000Z","order":0,"priority":"Medium","status":"InProgress","title":"das"},"timestamp":"2025-06-02T19:08:15.090Z"}
{"boardId":"683df66dcc585c27ac7648f9","level":"info","message":"Task created successfully:","taskId":"683df69f62cb3b78dd64d261","timestamp":"2025-06-02T19:08:15.242Z","userId":"683cce338e1e17b765bb2328"}
{"level":"debug","message":"Fetching project:","projectId":"683df663cc585c27ac7648ef","timestamp":"2025-06-02T19:08:15.372Z","userId":"683cce338e1e17b765bb2328"}
{"level":"info","message":"Project fetched successfully","projectId":"683df663cc585c27ac7648ef","timestamp":"2025-06-02T19:08:15.562Z"}
{"boardId":"683df66dcc585c27ac7648f9","level":"debug","message":"Creating task:","priority":"Medium","status":"Completed","timestamp":"2025-06-02T19:08:25.423Z","title":"rhtytregfdg","userId":"683cce338e1e17b765bb2328"}
{"level":"debug","message":"Saving task:","task":{"_id":"683df6a962cb3b78dd64d26d","assignedTo":[],"board":"683df66dcc585c27ac7648f9","createdAt":"2025-06-02T19:08:25.605Z","dueDate":null,"order":1,"priority":"Medium","status":"Completed","title":"rhtytregfdg"},"timestamp":"2025-06-02T19:08:25.605Z"}
{"body":{"assignedTo":[],"boardId":"683df66dcc585c27ac7648f9","dueDate":null,"priority":"Medium","status":"Completed","title":"rhtytregfdg"},"error":"Task validation failed: status: `Completed` is not a valid enum value for path `status`.","level":"error","message":"Error creating task:","stack":"ValidationError: Task validation failed: status: `Completed` is not a valid enum value for path `status`.\n    at Document.invalidate (C:\\Users\\sulmu\\source\\repos\\Toodo.API\\Toodo.Express.API\\node_modules\\mongoose\\lib\\document.js:3219:32)\n    at C:\\Users\\sulmu\\source\\repos\\Toodo.API\\Toodo.Express.API\\node_modules\\mongoose\\lib\\document.js:3012:17\n    at C:\\Users\\sulmu\\source\\repos\\Toodo.API\\Toodo.Express.API\\node_modules\\mongoose\\lib\\schematype.js:1368:9\n    at process.processTicksAndRejections (node:internal/process/task_queues:85:11)","timestamp":"2025-06-02T19:08:25.607Z","userId":"683cce338e1e17b765bb2328"}
{"boardId":"683df66dcc585c27ac7648f9","level":"debug","message":"Creating task:","priority":"Medium","status":"Completed","timestamp":"2025-06-02T19:08:31.779Z","title":"rhtytregfdg","userId":"683cce338e1e17b765bb2328"}
{"level":"debug","message":"Saving task:","task":{"_id":"683df6af62cb3b78dd64d272","assignedTo":[],"board":"683df66dcc585c27ac7648f9","createdAt":"2025-06-02T19:08:31.955Z","dueDate":"2025-06-10T23:00:00.000Z","order":1,"priority":"Medium","status":"Completed","title":"rhtytregfdg"},"timestamp":"2025-06-02T19:08:31.956Z"}
{"body":{"assignedTo":[],"boardId":"683df66dcc585c27ac7648f9","dueDate":"2025-06-10T23:00:00.000Z","priority":"Medium","status":"Completed","title":"rhtytregfdg"},"error":"Task validation failed: status: `Completed` is not a valid enum value for path `status`.","level":"error","message":"Error creating task:","stack":"ValidationError: Task validation failed: status: `Completed` is not a valid enum value for path `status`.\n    at Document.invalidate (C:\\Users\\sulmu\\source\\repos\\Toodo.API\\Toodo.Express.API\\node_modules\\mongoose\\lib\\document.js:3219:32)\n    at C:\\Users\\sulmu\\source\\repos\\Toodo.API\\Toodo.Express.API\\node_modules\\mongoose\\lib\\document.js:3012:17\n    at C:\\Users\\sulmu\\source\\repos\\Toodo.API\\Toodo.Express.API\\node_modules\\mongoose\\lib\\schematype.js:1368:9\n    at process.processTicksAndRejections (node:internal/process/task_queues:85:11)","timestamp":"2025-06-02T19:08:31.957Z","userId":"683cce338e1e17b765bb2328"}
{"boardId":"683df66dcc585c27ac7648f9","level":"debug","message":"Creating task:","priority":"Medium","status":"Completed","timestamp":"2025-06-02T19:08:35.229Z","title":"rhtytregfdg","userId":"683cce338e1e17b765bb2328"}
{"level":"debug","message":"Saving task:","task":{"_id":"683df6b362cb3b78dd64d277","assignedTo":[],"board":"683df66dcc585c27ac7648f9","createdAt":"2025-06-02T19:08:35.404Z","dueDate":"2025-06-10T23:00:00.000Z","order":1,"priority":"Medium","status":"Completed","title":"rhtytregfdg"},"timestamp":"2025-06-02T19:08:35.404Z"}
{"body":{"assignedTo":[],"boardId":"683df66dcc585c27ac7648f9","dueDate":"2025-06-10T23:00:00.000Z","priority":"Medium","status":"Completed","title":"rhtytregfdg"},"error":"Task validation failed: status: `Completed` is not a valid enum value for path `status`.","level":"error","message":"Error creating task:","stack":"ValidationError: Task validation failed: status: `Completed` is not a valid enum value for path `status`.\n    at Document.invalidate (C:\\Users\\sulmu\\source\\repos\\Toodo.API\\Toodo.Express.API\\node_modules\\mongoose\\lib\\document.js:3219:32)\n    at C:\\Users\\sulmu\\source\\repos\\Toodo.API\\Toodo.Express.API\\node_modules\\mongoose\\lib\\document.js:3012:17\n    at C:\\Users\\sulmu\\source\\repos\\Toodo.API\\Toodo.Express.API\\node_modules\\mongoose\\lib\\schematype.js:1368:9\n    at process.processTicksAndRejections (node:internal/process/task_queues:85:11)","timestamp":"2025-06-02T19:08:35.406Z","userId":"683cce338e1e17b765bb2328"}
{"boardId":"683df66dcc585c27ac7648f9","level":"debug","message":"Creating task:","priority":"Medium","status":"Completed","timestamp":"2025-06-02T19:10:02.861Z","title":"rhtytregfdg","userId":"683cce338e1e17b765bb2328"}
{"body":{"assignedTo":[],"boardId":"683df66dcc585c27ac7648f9","dueDate":"2025-06-10T23:00:00.000Z","priority":"Medium","status":"Completed","title":"rhtytregfdg"},"error":"Operation `boards.findOne()` buffering timed out after 10000ms","level":"error","message":"Error creating task:","stack":"MongooseError: Operation `boards.findOne()` buffering timed out after 10000ms\n    at Timeout.<anonymous> (C:\\Users\\sulmu\\source\\repos\\Toodo.API\\Toodo.Express.API\\node_modules\\mongoose\\lib\\drivers\\node-mongodb-native\\collection.js:185:23)\n    at listOnTimeout (node:internal/timers:588:17)\n    at process.processTimers (node:internal/timers:523:7)","timestamp":"2025-06-02T19:10:12.892Z","userId":"683cce338e1e17b765bb2328"}
{"boardId":"683df66dcc585c27ac7648f9","level":"debug","message":"Creating task:","priority":"Medium","status":"Completed","timestamp":"2025-06-02T19:10:15.366Z","title":"rhtytregfdg","userId":"683cce338e1e17b765bb2328"}
{"boardId":"683df66dcc585c27ac7648f9","level":"debug","message":"Creating task:","priority":"Medium","status":"Completed","timestamp":"2025-06-02T19:10:19.613Z","title":"rhtytregfdg","userId":"683cce338e1e17b765bb2328"}
{"body":{"assignedTo":[],"boardId":"683df66dcc585c27ac7648f9","dueDate":"2025-06-10T23:00:00.000Z","priority":"Medium","status":"Completed","title":"rhtytregfdg"},"error":"Operation `boards.findOne()` buffering timed out after 10000ms","level":"error","message":"Error creating task:","stack":"MongooseError: Operation `boards.findOne()` buffering timed out after 10000ms\n    at Timeout.<anonymous> (C:\\Users\\sulmu\\source\\repos\\Toodo.API\\Toodo.Express.API\\node_modules\\mongoose\\lib\\drivers\\node-mongodb-native\\collection.js:185:23)\n    at listOnTimeout (node:internal/timers:588:17)\n    at process.processTimers (node:internal/timers:523:7)","timestamp":"2025-06-02T19:10:25.370Z","userId":"683cce338e1e17b765bb2328"}
{"body":{"assignedTo":[],"boardId":"683df66dcc585c27ac7648f9","dueDate":"2025-06-10T23:00:00.000Z","priority":"Medium","status":"Completed","title":"rhtytregfdg"},"error":"Operation `boards.findOne()` buffering timed out after 10000ms","level":"error","message":"Error creating task:","stack":"MongooseError: Operation `boards.findOne()` buffering timed out after 10000ms\n    at Timeout.<anonymous> (C:\\Users\\sulmu\\source\\repos\\Toodo.API\\Toodo.Express.API\\node_modules\\mongoose\\lib\\drivers\\node-mongodb-native\\collection.js:185:23)\n    at listOnTimeout (node:internal/timers:588:17)\n    at process.processTimers (node:internal/timers:523:7)","timestamp":"2025-06-02T19:10:29.625Z","userId":"683cce338e1e17b765bb2328"}
{"level":"debug","message":"Fetching projects for user:","timestamp":"2025-06-02T19:11:22.845Z","userId":"683cce338e1e17b765bb2328"}
{"email":"me@gmail.com","level":"debug","message":"Login attempt:","timestamp":"2025-06-02T19:11:25.149Z"}
{"email":"me@gmail.com","level":"debug","message":"Registration attempt:","timestamp":"2025-06-02T19:11:28.746Z"}
{"level":"error","message":"Error fetching projects: Operation `projects.find()` buffering timed out after 10000ms","stack":"MongooseError: Operation `projects.find()` buffering timed out after 10000ms\n    at Timeout.<anonymous> (C:\\Users\\sulmu\\source\\repos\\Toodo.API\\Toodo.Express.API\\node_modules\\mongoose\\lib\\drivers\\node-mongodb-native\\collection.js:185:23)\n    at listOnTimeout (node:internal/timers:588:17)\n    at process.processTimers (node:internal/timers:523:7)","timestamp":"2025-06-02T19:11:32.857Z"}
{"error":"Operation `users.findOne()` buffering timed out after 10000ms","level":"error","message":"Login error:","stack":"MongooseError: Operation `users.findOne()` buffering timed out after 10000ms\n    at Timeout.<anonymous> (C:\\Users\\sulmu\\source\\repos\\Toodo.API\\Toodo.Express.API\\node_modules\\mongoose\\lib\\drivers\\node-mongodb-native\\collection.js:185:23)\n    at listOnTimeout (node:internal/timers:588:17)\n    at process.processTimers (node:internal/timers:523:7)","timestamp":"2025-06-02T19:11:35.158Z"}
{"error":"Operation `users.findOne()` buffering timed out after 10000ms","level":"error","message":"Registration error:","stack":"MongooseError: Operation `users.findOne()` buffering timed out after 10000ms\n    at Timeout.<anonymous> (C:\\Users\\sulmu\\source\\repos\\Toodo.API\\Toodo.Express.API\\node_modules\\mongoose\\lib\\drivers\\node-mongodb-native\\collection.js:185:23)\n    at listOnTimeout (node:internal/timers:588:17)\n    at process.processTimers (node:internal/timers:523:7)","timestamp":"2025-06-02T19:11:38.753Z"}
{"level":"info","message":"Connecting to MongoDB...","timestamp":"2025-06-02T19:12:57.376Z","uri":"mongodb+srv://usr:yxHGu2qSsy5U9nUj@cluster0.czydhwd.mongodb.net/?retryWrites=true&w=majority&appName=Cluster0"}
{"level":"info","message":"Connected to MongoDB successfully","timestamp":"2025-06-02T19:12:58.217Z"}
{"level":"info","message":"Server is running on port 3000","timestamp":"2025-06-02T19:12:58.324Z"}
{"level":"info","message":"API Documentation available at http://localhost:3000/api-docs","timestamp":"2025-06-02T19:12:58.325Z"}
{"level":"info","message":"Connecting to MongoDB...","timestamp":"2025-06-02T19:13:04.309Z","uri":"mongodb+srv://usr:yxHGu2qSsy5U9nUj@cluster0.czydhwd.mongodb.net/?retryWrites=true&w=majority&appName=Cluster0"}
{"level":"info","message":"Connected to MongoDB successfully","timestamp":"2025-06-02T19:13:06.625Z"}
{"level":"info","message":"Server is running on port 3000","timestamp":"2025-06-02T19:13:06.732Z"}
{"level":"info","message":"API Documentation available at http://localhost:3000/api-docs","timestamp":"2025-06-02T19:13:06.733Z"}
{"email":"me@gmail.com","level":"debug","message":"Registration attempt:","timestamp":"2025-06-02T19:13:10.763Z"}
{"email":"me@gmail.com","level":"debug","message":"Hashing password for user:","timestamp":"2025-06-02T19:13:10.867Z"}
{"level":"info","message":"User registered successfully:","timestamp":"2025-06-02T19:13:11.021Z","userId":"683df7c65107788239598e35"}
{"email":"me@gmail.com","level":"debug","message":"Login attempt:","timestamp":"2025-06-02T19:13:11.959Z"}
{"email":"me@gmail.com","level":"debug","message":"Comparing password for user:","timestamp":"2025-06-02T19:13:12.023Z"}
{"level":"info","message":"User logged in successfully:","timestamp":"2025-06-02T19:13:12.093Z","userId":"683df7c65107788239598e35"}
{"level":"debug","message":"Fetching projects for user:","timestamp":"2025-06-02T19:13:12.138Z","userId":"683df7c65107788239598e35"}
{"count":0,"level":"info","message":"Projects fetched successfully","timestamp":"2025-06-02T19:13:12.197Z"}
{"level":"debug","message":"Creating new project:","name":"Web3","timestamp":"2025-06-02T19:13:18.520Z","userId":"683df7c65107788239598e35"}
{"level":"info","message":"Project created successfully","projectId":"683df7ce5107788239598e39","timestamp":"2025-06-02T19:13:18.601Z"}
{"level":"debug","message":"Fetching projects for user:","timestamp":"2025-06-02T19:13:18.650Z","userId":"683df7c65107788239598e35"}
{"count":1,"level":"info","message":"Projects fetched successfully","timestamp":"2025-06-02T19:13:18.712Z"}
{"level":"debug","message":"Fetching project:","projectId":"683df7ce5107788239598e39","timestamp":"2025-06-02T19:13:19.501Z","userId":"683df7c65107788239598e35"}
{"level":"info","message":"Project fetched successfully","projectId":"683df7ce5107788239598e39","timestamp":"2025-06-02T19:13:19.939Z"}
{"level":"debug","message":"Creating board:","name":"Lets goo","projectId":"683df7ce5107788239598e39","timestamp":"2025-06-02T19:13:27.600Z","userId":"683df7c65107788239598e35"}
{"board":{"_id":"683df7d75107788239598e43","createdAt":"2025-06-02T19:13:27.721Z","description":"bruhhh","name":"Lets goo","order":0,"project":"683df7ce5107788239598e39","tasks":[]},"level":"debug","message":"Saving board:","timestamp":"2025-06-02T19:13:27.721Z"}
{"boardId":"683df7d75107788239598e43","level":"info","message":"Board created successfully:","projectId":"683df7ce5107788239598e39","timestamp":"2025-06-02T19:13:27.850Z","userId":"683df7c65107788239598e35"}
{"level":"debug","message":"Fetching project:","projectId":"683df7ce5107788239598e39","timestamp":"2025-06-02T19:13:27.980Z","userId":"683df7c65107788239598e35"}
{"level":"info","message":"Project fetched successfully","projectId":"683df7ce5107788239598e39","timestamp":"2025-06-02T19:13:28.098Z"}
{"boardId":"683df7d75107788239598e43","level":"debug","message":"Creating task:","priority":"Medium","status":"Completed","timestamp":"2025-06-02T19:13:35.706Z","title":"dsasd","userId":"683df7c65107788239598e35"}
{"level":"debug","message":"Saving task:","task":{"_id":"683df7df5107788239598e4e","assignedTo":[],"board":"683df7d75107788239598e43","createdAt":"2025-06-02T19:13:35.945Z","dueDate":null,"order":0,"priority":"Medium","status":"Completed","title":"dsasd"},"timestamp":"2025-06-02T19:13:35.945Z"}
{"boardId":"683df7d75107788239598e43","level":"info","message":"Task created successfully:","taskId":"683df7df5107788239598e4e","timestamp":"2025-06-02T19:13:36.096Z","userId":"683df7c65107788239598e35"}
{"level":"debug","message":"Fetching project:","projectId":"683df7ce5107788239598e39","timestamp":"2025-06-02T19:13:36.223Z","userId":"683df7c65107788239598e35"}
{"level":"info","message":"Project fetched successfully","projectId":"683df7ce5107788239598e39","timestamp":"2025-06-02T19:13:36.442Z"}
{"boardId":"683df7d75107788239598e43","level":"debug","message":"Creating task:","priority":"High","status":"Pending","timestamp":"2025-06-02T19:13:41.566Z","title":"dsadsada","userId":"683df7c65107788239598e35"}
{"level":"debug","message":"Saving task:","task":{"_id":"683df7e55107788239598e5a","assignedTo":[],"board":"683df7d75107788239598e43","createdAt":"2025-06-02T19:13:41.824Z","dueDate":null,"order":1,"priority":"High","status":"Pending","title":"dsadsada"},"timestamp":"2025-06-02T19:13:41.825Z"}
{"boardId":"683df7d75107788239598e43","level":"info","message":"Task created successfully:","taskId":"683df7e55107788239598e5a","timestamp":"2025-06-02T19:13:41.983Z","userId":"683df7c65107788239598e35"}
{"level":"debug","message":"Fetching project:","projectId":"683df7ce5107788239598e39","timestamp":"2025-06-02T19:13:42.113Z","userId":"683df7c65107788239598e35"}
{"level":"info","message":"Project fetched successfully","projectId":"683df7ce5107788239598e39","timestamp":"2025-06-02T19:13:42.309Z"}
{"level":"info","message":"Connecting to MongoDB...","timestamp":"2025-06-02T19:15:34.527Z","uri":"mongodb+srv://usr:yxHGu2qSsy5U9nUj@cluster0.czydhwd.mongodb.net/?retryWrites=true&w=majority&appName=Cluster0"}
{"level":"info","message":"Connected to MongoDB successfully","timestamp":"2025-06-02T19:15:35.336Z"}
{"level":"info","message":"Server is running on port 3000","timestamp":"2025-06-02T19:15:35.453Z"}
{"level":"info","message":"API Documentation available at http://localhost:3000/api-docs","timestamp":"2025-06-02T19:15:35.453Z"}
{"level":"info","message":"Connecting to MongoDB...","timestamp":"2025-06-02T19:16:01.165Z","uri":"mongodb+srv://usr:yxHGu2qSsy5U9nUj@cluster0.czydhwd.mongodb.net/?retryWrites=true&w=majority&appName=Cluster0"}
{"level":"info","message":"Connected to MongoDB successfully","timestamp":"2025-06-02T19:16:02.133Z"}
{"level":"info","message":"Server is running on port 3000","timestamp":"2025-06-02T19:16:02.232Z"}
{"level":"info","message":"API Documentation available at http://localhost:3000/api-docs","timestamp":"2025-06-02T19:16:02.233Z"}
{"level":"info","message":"Connecting to MongoDB...","timestamp":"2025-06-02T19:16:38.145Z","uri":"mongodb+srv://usr:yxHGu2qSsy5U9nUj@cluster0.czydhwd.mongodb.net/?retryWrites=true&w=majority&appName=Cluster0"}
{"level":"info","message":"Connected to MongoDB successfully","timestamp":"2025-06-02T19:16:38.953Z"}
{"level":"info","message":"Server is running on port 3000","timestamp":"2025-06-02T19:16:39.072Z"}
{"level":"info","message":"API Documentation available at http://localhost:3000/api-docs","timestamp":"2025-06-02T19:16:39.072Z"}
{"level":"info","message":"Connecting to MongoDB...","timestamp":"2025-06-02T19:16:43.082Z","uri":"mongodb+srv://usr:yxHGu2qSsy5U9nUj@cluster0.czydhwd.mongodb.net/?retryWrites=true&w=majority&appName=Cluster0"}
{"level":"info","message":"Connected to MongoDB successfully","timestamp":"2025-06-02T19:16:43.853Z"}
{"level":"info","message":"Server is running on port 3000","timestamp":"2025-06-02T19:16:43.948Z"}
{"level":"info","message":"API Documentation available at http://localhost:3000/api-docs","timestamp":"2025-06-02T19:16:43.949Z"}
{"level":"debug","message":"Updating task:","taskId":"683df7df5107788239598e4e","timestamp":"2025-06-02T19:16:47.494Z","updates":{"dueDate":null,"priority":"Medium","status":"Pending","title":"dsasd"},"userId":"683df7c65107788239598e35"}
{"level":"debug","message":"Applying updates:","timestamp":"2025-06-02T19:16:47.682Z","updates":{"assignedTo":[],"dueDate":null,"priority":"Medium","status":"Pending","title":"dsasd"}}
{"boardId":"683df7d75107788239598e43","level":"info","message":"Task updated successfully:","taskId":"683df7df5107788239598e4e","timestamp":"2025-06-02T19:16:47.755Z","userId":"683df7c65107788239598e35"}
{"level":"debug","message":"Fetching project:","projectId":"683df7ce5107788239598e39","timestamp":"2025-06-02T19:16:47.864Z","userId":"683df7c65107788239598e35"}
{"level":"info","message":"Project fetched successfully","projectId":"683df7ce5107788239598e39","timestamp":"2025-06-02T19:16:48.059Z"}
{"level":"info","message":"Connecting to MongoDB...","timestamp":"2025-06-02T20:01:47.660Z","uri":"mongodb+srv://usr:yxHGu2qSsy5U9nUj@cluster0.czydhwd.mongodb.net/?retryWrites=true&w=majority&appName=Cluster0"}
{"level":"info","message":"Connected to MongoDB successfully","timestamp":"2025-06-02T20:01:50.110Z"}
{"level":"info","message":"Server is running on port 3000","timestamp":"2025-06-02T20:01:50.230Z"}
{"level":"info","message":"API Documentation available at http://localhost:3000/api-docs","timestamp":"2025-06-02T20:01:50.231Z"}
{"level":"info","message":"Connecting to MongoDB...","timestamp":"2025-06-02T22:16:35.075Z","uri":"mongodb+srv://usr:yxHGu2qSsy5U9nUj@cluster0.czydhwd.mongodb.net/?retryWrites=true&w=majority&appName=Cluster0"}
{"level":"info","message":"Connected to MongoDB successfully","timestamp":"2025-06-02T22:16:35.897Z"}
{"level":"info","message":"Server is running on port 3000","timestamp":"2025-06-02T22:16:36.048Z"}
{"level":"info","message":"API Documentation available at http://localhost:3000/api-docs","timestamp":"2025-06-02T22:16:36.049Z"}
{"level":"info","message":"Connecting to MongoDB...","timestamp":"2025-06-02T22:17:49.202Z","uri":"mongodb+srv://usr:yxHGu2qSsy5U9nUj@cluster0.czydhwd.mongodb.net/?retryWrites=true&w=majority&appName=Cluster0"}
{"level":"info","message":"Connected to MongoDB successfully","timestamp":"2025-06-02T22:17:50.044Z"}
{"level":"info","message":"Server is running on port 3000","timestamp":"2025-06-02T22:17:50.155Z"}
{"level":"info","message":"API Documentation available at http://localhost:3000/api-docs","timestamp":"2025-06-02T22:17:50.155Z"}
{"level":"info","message":"Connecting to MongoDB...","timestamp":"2025-06-02T22:21:29.073Z","uri":"mongodb+srv://usr:yxHGu2qSsy5U9nUj@cluster0.czydhwd.mongodb.net/?retryWrites=true&w=majority&appName=Cluster0"}
{"level":"info","message":"Connected to MongoDB successfully","timestamp":"2025-06-02T22:21:30.093Z"}
{"level":"info","message":"Server is running on port 3000","timestamp":"2025-06-02T22:21:30.263Z"}
{"level":"info","message":"API Documentation available at http://localhost:3000/api-docs","timestamp":"2025-06-02T22:21:30.263Z"}
{"level":"debug","message":"Fetching project:","projectId":"683df7ce5107788239598e39","timestamp":"2025-06-02T22:22:13.785Z","userId":"683df7c65107788239598e35"}
{"level":"info","message":"Project fetched successfully","projectId":"683df7ce5107788239598e39","timestamp":"2025-06-02T22:22:14.027Z"}
{"level":"debug","message":"Fetching projects for user:","timestamp":"2025-06-02T22:22:15.966Z","userId":"683df7c65107788239598e35"}
{"count":1,"level":"info","message":"Projects fetched successfully","timestamp":"2025-06-02T22:22:16.038Z"}
{"email":"habeebatu@gmail.com","level":"debug","message":"Registration attempt:","timestamp":"2025-06-02T22:26:35.928Z"}
{"email":"habeebatu@gmail.com","level":"debug","message":"Hashing password for user:","timestamp":"2025-06-02T22:26:35.995Z"}
{"level":"info","message":"User registered successfully:","timestamp":"2025-06-02T22:26:36.160Z","userId":"683e251b543d9ad7c769133f"}
{"email":"habeebatu@gmail.com","level":"debug","message":"Login attempt:","timestamp":"2025-06-02T22:26:39.863Z"}
{"email":"habeebatu@gmail.com","level":"debug","message":"Comparing password for user:","timestamp":"2025-06-02T22:26:39.925Z"}
{"level":"info","message":"User logged in successfully:","timestamp":"2025-06-02T22:26:40.003Z","userId":"683e251b543d9ad7c769133f"}
{"level":"debug","message":"Fetching projects for user:","timestamp":"2025-06-02T22:26:40.056Z","userId":"683e251b543d9ad7c769133f"}
{"count":0,"level":"info","message":"Projects fetched successfully","timestamp":"2025-06-02T22:26:40.117Z"}
{"level":"debug","message":"Creating new project:","name":"School Project","timestamp":"2025-06-02T22:27:12.544Z","userId":"683e251b543d9ad7c769133f"}
{"level":"info","message":"Project created successfully","projectId":"683e2540543d9ad7c7691343","timestamp":"2025-06-02T22:27:12.615Z"}
{"level":"debug","message":"Fetching projects for user:","timestamp":"2025-06-02T22:27:12.630Z","userId":"683e251b543d9ad7c769133f"}
{"count":1,"level":"info","message":"Projects fetched successfully","timestamp":"2025-06-02T22:27:12.698Z"}
{"level":"debug","message":"Fetching project:","projectId":"683e2540543d9ad7c7691343","timestamp":"2025-06-02T22:27:18.669Z","userId":"683e251b543d9ad7c769133f"}
{"level":"info","message":"Project fetched successfully","projectId":"683e2540543d9ad7c7691343","timestamp":"2025-06-02T22:27:18.794Z"}
{"level":"debug","message":"Creating board:","name":"First board","projectId":"683e2540543d9ad7c7691343","timestamp":"2025-06-02T22:27:55.049Z","userId":"683e251b543d9ad7c769133f"}
{"board":{"_id":"683e256b543d9ad7c769134d","createdAt":"2025-06-02T22:27:55.181Z","description":"You can write anything here","name":"First board","order":0,"project":"683e2540543d9ad7c7691343","tasks":[]},"level":"debug","message":"Saving board:","timestamp":"2025-06-02T22:27:55.181Z"}
{"boardId":"683e256b543d9ad7c769134d","level":"info","message":"Board created successfully:","projectId":"683e2540543d9ad7c7691343","timestamp":"2025-06-02T22:27:55.317Z","userId":"683e251b543d9ad7c769133f"}
{"level":"debug","message":"Fetching project:","projectId":"683e2540543d9ad7c7691343","timestamp":"2025-06-02T22:27:55.441Z","userId":"683e251b543d9ad7c769133f"}
{"level":"info","message":"Project fetched successfully","projectId":"683e2540543d9ad7c7691343","timestamp":"2025-06-02T22:27:55.564Z"}
{"boardId":"683e256b543d9ad7c769134d","level":"debug","message":"Creating task:","priority":"Medium","status":"Pending","timestamp":"2025-06-02T22:29:02.135Z","title":"Create a logo","userId":"683e251b543d9ad7c769133f"}
{"level":"debug","message":"Saving task:","task":{"_id":"683e25ae543d9ad7c7691358","assignedTo":[],"board":"683e256b543d9ad7c769134d","createdAt":"2025-06-02T22:29:02.319Z","dueDate":"2025-06-29T23:00:00.000Z","order":0,"priority":"Medium","status":"Pending","title":"Create a logo"},"timestamp":"2025-06-02T22:29:02.319Z"}
{"boardId":"683e256b543d9ad7c769134d","level":"info","message":"Task created successfully:","taskId":"683e25ae543d9ad7c7691358","timestamp":"2025-06-02T22:29:02.454Z","userId":"683e251b543d9ad7c769133f"}
{"level":"debug","message":"Fetching project:","projectId":"683e2540543d9ad7c7691343","timestamp":"2025-06-02T22:29:02.628Z","userId":"683e251b543d9ad7c769133f"}
{"level":"info","message":"Project fetched successfully","projectId":"683e2540543d9ad7c7691343","timestamp":"2025-06-02T22:29:02.815Z"}
{"boardId":"683e256b543d9ad7c769134d","level":"debug","message":"Creating task:","priority":"High","status":"Completed","timestamp":"2025-06-02T22:29:25.466Z","title":"Finished task","userId":"683e251b543d9ad7c769133f"}
{"level":"debug","message":"Saving task:","task":{"_id":"683e25c5543d9ad7c7691364","assignedTo":[],"board":"683e256b543d9ad7c769134d","createdAt":"2025-06-02T22:29:25.649Z","dueDate":null,"order":1,"priority":"High","status":"Completed","title":"Finished task"},"timestamp":"2025-06-02T22:29:25.649Z"}
{"boardId":"683e256b543d9ad7c769134d","level":"info","message":"Task created successfully:","taskId":"683e25c5543d9ad7c7691364","timestamp":"2025-06-02T22:29:25.781Z","userId":"683e251b543d9ad7c769133f"}
{"level":"debug","message":"Fetching project:","projectId":"683e2540543d9ad7c7691343","timestamp":"2025-06-02T22:29:25.894Z","userId":"683e251b543d9ad7c769133f"}
{"level":"info","message":"Project fetched successfully","projectId":"683e2540543d9ad7c7691343","timestamp":"2025-06-02T22:29:26.080Z"}
{"level":"debug","message":"Updating task:","taskId":"683e25ae543d9ad7c7691358","timestamp":"2025-06-02T22:29:41.090Z","updates":{"dueDate":"2025-06-16T23:00:00.000Z","priority":"Medium","status":"Completed","title":"Create a logo"},"userId":"683e251b543d9ad7c769133f"}
{"level":"debug","message":"Applying updates:","timestamp":"2025-06-02T22:29:41.275Z","updates":{"assignedTo":[],"dueDate":"2025-06-16T23:00:00.000Z","priority":"Medium","status":"Completed","title":"Create a logo"}}
{"boardId":"683e256b543d9ad7c769134d","level":"info","message":"Task updated successfully:","taskId":"683e25ae543d9ad7c7691358","timestamp":"2025-06-02T22:29:41.339Z","userId":"683e251b543d9ad7c769133f"}
{"level":"debug","message":"Fetching project:","projectId":"683e2540543d9ad7c7691343","timestamp":"2025-06-02T22:29:41.445Z","userId":"683e251b543d9ad7c769133f"}
{"level":"info","message":"Project fetched successfully","projectId":"683e2540543d9ad7c7691343","timestamp":"2025-06-02T22:29:41.658Z"}
{"level":"debug","message":"Updating task:","taskId":"683e25ae543d9ad7c7691358","timestamp":"2025-06-02T22:29:49.717Z","updates":{"dueDate":"2025-06-18T23:00:00.000Z","priority":"Medium","status":"Pending","title":"Create a logo"},"userId":"683e251b543d9ad7c769133f"}
{"level":"debug","message":"Applying updates:","timestamp":"2025-06-02T22:29:49.899Z","updates":{"assignedTo":[],"dueDate":"2025-06-18T23:00:00.000Z","priority":"Medium","status":"Pending","title":"Create a logo"}}
{"boardId":"683e256b543d9ad7c769134d","level":"info","message":"Task updated successfully:","taskId":"683e25ae543d9ad7c7691358","timestamp":"2025-06-02T22:29:49.965Z","userId":"683e251b543d9ad7c769133f"}
{"level":"debug","message":"Fetching project:","projectId":"683e2540543d9ad7c7691343","timestamp":"2025-06-02T22:29:50.066Z","userId":"683e251b543d9ad7c769133f"}
{"level":"info","message":"Project fetched successfully","projectId":"683e2540543d9ad7c7691343","timestamp":"2025-06-02T22:29:50.250Z"}
{"level":"debug","message":"Creating board:","name":"Another bpard","projectId":"683e2540543d9ad7c7691343","timestamp":"2025-06-02T22:30:06.760Z","userId":"683e251b543d9ad7c769133f"}
{"board":{"_id":"683e25ee543d9ad7c7691383","createdAt":"2025-06-02T22:30:06.889Z","description":null,"name":"Another bpard","order":1,"project":"683e2540543d9ad7c7691343","tasks":[]},"level":"debug","message":"Saving board:","timestamp":"2025-06-02T22:30:06.890Z"}
{"boardId":"683e25ee543d9ad7c7691383","level":"info","message":"Board created successfully:","projectId":"683e2540543d9ad7c7691343","timestamp":"2025-06-02T22:30:07.023Z","userId":"683e251b543d9ad7c769133f"}
{"level":"debug","message":"Fetching project:","projectId":"683e2540543d9ad7c7691343","timestamp":"2025-06-02T22:30:07.157Z","userId":"683e251b543d9ad7c769133f"}
{"level":"info","message":"Project fetched successfully","projectId":"683e2540543d9ad7c7691343","timestamp":"2025-06-02T22:30:07.341Z"}
{"level":"debug","message":"Fetching project:","projectId":"683e2540543d9ad7c7691343","timestamp":"2025-06-02T22:30:12.593Z","userId":"683e251b543d9ad7c769133f"}
{"level":"info","message":"Project fetched successfully","projectId":"683e2540543d9ad7c7691343","timestamp":"2025-06-02T22:30:12.775Z"}
{"level":"debug","message":"Fetching project:","projectId":"683e2540543d9ad7c7691343","timestamp":"2025-06-02T22:30:17.385Z","userId":"683e251b543d9ad7c769133f"}
{"level":"info","message":"Project fetched successfully","projectId":"683e2540543d9ad7c7691343","timestamp":"2025-06-02T22:30:17.568Z"}
{"level":"debug","message":"Fetching projects for user:","timestamp":"2025-06-02T22:31:19.767Z","userId":"683e251b543d9ad7c769133f"}
{"count":1,"level":"info","message":"Projects fetched successfully","timestamp":"2025-06-02T22:31:19.831Z"}
{"level":"debug","message":"Fetching projects for user:","timestamp":"2025-06-02T22:31:32.384Z","userId":"683e251b543d9ad7c769133f"}
{"count":1,"level":"info","message":"Projects fetched successfully","timestamp":"2025-06-02T22:31:32.445Z"}
{"email":"habeebatu@gmail.com","level":"debug","message":"Login attempt:","timestamp":"2025-06-02T22:31:39.492Z"}
{"email":"habeebatu@gmail.com","level":"debug","message":"Comparing password for user:","timestamp":"2025-06-02T22:31:39.553Z"}
{"level":"info","message":"User logged in successfully:","timestamp":"2025-06-02T22:31:39.632Z","userId":"683e251b543d9ad7c769133f"}
{"level":"debug","message":"Fetching projects for user:","timestamp":"2025-06-02T22:31:39.676Z","userId":"683e251b543d9ad7c769133f"}
{"count":1,"level":"info","message":"Projects fetched successfully","timestamp":"2025-06-02T22:31:39.743Z"}
{"level":"debug","message":"Creating new project:","name":"Next project","timestamp":"2025-06-02T22:32:06.672Z","userId":"683e251b543d9ad7c769133f"}
{"level":"info","message":"Project created successfully","projectId":"683e2666543d9ad7c769139d","timestamp":"2025-06-02T22:32:06.753Z"}
{"level":"debug","message":"Fetching projects for user:","timestamp":"2025-06-02T22:32:06.783Z","userId":"683e251b543d9ad7c769133f"}
{"count":2,"level":"info","message":"Projects fetched successfully","timestamp":"2025-06-02T22:32:06.859Z"}
{"level":"debug","message":"Fetching project:","projectId":"683e2540543d9ad7c7691343","timestamp":"2025-06-02T22:32:18.865Z","userId":"683e251b543d9ad7c769133f"}
{"level":"info","message":"Project fetched successfully","projectId":"683e2540543d9ad7c7691343","timestamp":"2025-06-02T22:32:19.052Z"}
{"level":"debug","message":"Fetching projects for user:","timestamp":"2025-06-02T22:32:25.465Z","userId":"683e251b543d9ad7c769133f"}
{"count":2,"level":"info","message":"Projects fetched successfully","timestamp":"2025-06-02T22:32:25.526Z"}
{"level":"info","message":"Connecting to MongoDB...","timestamp":"2025-06-10T11:21:51.990Z","uri":"mongodb+srv://usr:yxHGu2qSsy5U9nUj@cluster0.czydhwd.mongodb.net/?retryWrites=true&w=majority&appName=Cluster0"}
{"level":"info","message":"Connected to MongoDB successfully","timestamp":"2025-06-10T11:21:54.252Z"}
{"level":"info","message":"Server is running on port 3000","timestamp":"2025-06-10T11:21:54.395Z"}
{"level":"info","message":"API Documentation available at http://localhost:3000/api-docs","timestamp":"2025-06-10T11:21:54.395Z"}
{"email":"habeebatu@gmail.com","level":"debug","message":"Login attempt:","timestamp":"2025-06-10T11:22:03.937Z"}
{"email":"habeebatu@gmail.com","level":"debug","message":"Comparing password for user:","timestamp":"2025-06-10T11:22:04.001Z"}
{"level":"info","message":"User logged in successfully:","timestamp":"2025-06-10T11:22:04.084Z","userId":"683e251b543d9ad7c769133f"}
{"level":"debug","message":"Fetching projects for user:","timestamp":"2025-06-10T11:22:04.141Z","userId":"683e251b543d9ad7c769133f"}
{"count":2,"level":"info","message":"Projects fetched successfully","timestamp":"2025-06-10T11:22:04.227Z"}
{"level":"debug","message":"Fetching projects for user:","timestamp":"2025-06-10T11:27:29.421Z","userId":"683e251b543d9ad7c769133f"}
{"count":2,"level":"info","message":"Projects fetched successfully","timestamp":"2025-06-10T11:27:29.508Z"}
{"level":"info","message":"Connecting to MongoDB...","timestamp":"2025-06-10T11:31:30.529Z","uri":"mongodb+srv://usr:yxHGu2qSsy5U9nUj@cluster0.czydhwd.mongodb.net/?retryWrites=true&w=majority&appName=Cluster0"}
{"level":"info","message":"Connected to MongoDB successfully","timestamp":"2025-06-10T11:31:31.382Z"}
{"level":"info","message":"Server is running on port 3000","timestamp":"2025-06-10T11:31:31.518Z"}
{"level":"info","message":"API Documentation available at http://localhost:3000/api-docs","timestamp":"2025-06-10T11:31:31.518Z"}
{"level":"debug","message":"Fetching projects for user:","timestamp":"2025-06-10T11:31:45.718Z","userId":"683e251b543d9ad7c769133f"}
{"count":2,"level":"info","message":"Projects fetched successfully","timestamp":"2025-06-10T11:31:45.795Z"}
{"level":"debug","message":"Deleting project:","projectId":"683e2666543d9ad7c769139d","timestamp":"2025-06-10T11:31:51.219Z","userId":"683e251b543d9ad7c769133f"}
{"level":"error","message":"Error deleting project: project.remove is not a function","stack":"TypeError: project.remove is not a function\n    at C:\\Users\\sulmu\\OneDrive\\Desktop\\Taskflow\\backend\\src\\routes\\projects.js:170:19\n    at process.processTicksAndRejections (node:internal/process/task_queues:105:5)","timestamp":"2025-06-10T11:31:51.287Z"}
{"error":"Error deleting project","level":"error","message":"Unhandled error:","stack":"Error: Error deleting project\n    at C:\\Users\\sulmu\\OneDrive\\Desktop\\Taskflow\\backend\\src\\routes\\projects.js:175:10\n    at process.processTicksAndRejections (node:internal/process/task_queues:105:5)","timestamp":"2025-06-10T11:31:51.288Z"}
{"level":"debug","message":"Deleting project:","projectId":"683e2666543d9ad7c769139d","timestamp":"2025-06-10T11:32:37.810Z","userId":"683e251b543d9ad7c769133f"}
{"level":"error","message":"Error deleting project: project.remove is not a function","stack":"TypeError: project.remove is not a function\n    at C:\\Users\\sulmu\\OneDrive\\Desktop\\Taskflow\\backend\\src\\routes\\projects.js:170:19\n    at process.processTicksAndRejections (node:internal/process/task_queues:105:5)","timestamp":"2025-06-10T11:32:37.872Z"}
{"error":"Error deleting project","level":"error","message":"Unhandled error:","stack":"Error: Error deleting project\n    at C:\\Users\\sulmu\\OneDrive\\Desktop\\Taskflow\\backend\\src\\routes\\projects.js:175:10\n    at process.processTicksAndRejections (node:internal/process/task_queues:105:5)","timestamp":"2025-06-10T11:32:37.873Z"}
{"level":"debug","message":"Fetching projects for user:","timestamp":"2025-06-10T11:32:40.850Z","userId":"683e251b543d9ad7c769133f"}
{"count":2,"level":"info","message":"Projects fetched successfully","timestamp":"2025-06-10T11:32:40.913Z"}
{"level":"debug","message":"Deleting project:","projectId":"683e2666543d9ad7c769139d","timestamp":"2025-06-10T11:32:42.229Z","userId":"683e251b543d9ad7c769133f"}
{"level":"error","message":"Error deleting project: project.remove is not a function","stack":"TypeError: project.remove is not a function\n    at C:\\Users\\sulmu\\OneDrive\\Desktop\\Taskflow\\backend\\src\\routes\\projects.js:170:19\n    at process.processTicksAndRejections (node:internal/process/task_queues:105:5)","timestamp":"2025-06-10T11:32:42.320Z"}
{"error":"Error deleting project","level":"error","message":"Unhandled error:","stack":"Error: Error deleting project\n    at C:\\Users\\sulmu\\OneDrive\\Desktop\\Taskflow\\backend\\src\\routes\\projects.js:175:10\n    at process.processTicksAndRejections (node:internal/process/task_queues:105:5)","timestamp":"2025-06-10T11:32:42.321Z"}
{"level":"info","message":"Connecting to MongoDB...","timestamp":"2025-06-10T11:33:02.294Z","uri":"mongodb+srv://usr:yxHGu2qSsy5U9nUj@cluster0.czydhwd.mongodb.net/?retryWrites=true&w=majority&appName=Cluster0"}
{"level":"info","message":"Connected to MongoDB successfully","timestamp":"2025-06-10T11:33:03.145Z"}
{"level":"info","message":"Server is running on port 3000","timestamp":"2025-06-10T11:33:03.241Z"}
{"level":"info","message":"API Documentation available at http://localhost:3000/api-docs","timestamp":"2025-06-10T11:33:03.241Z"}
{"level":"debug","message":"Fetching projects for user:","timestamp":"2025-06-10T11:33:32.035Z","userId":"683e251b543d9ad7c769133f"}
{"count":2,"level":"info","message":"Projects fetched successfully","timestamp":"2025-06-10T11:33:32.131Z"}
{"level":"debug","message":"Deleting project:","projectId":"683e2666543d9ad7c769139d","timestamp":"2025-06-10T11:33:33.360Z","userId":"683e251b543d9ad7c769133f"}
{"level":"info","message":"Project deleted successfully","projectId":"683e2666543d9ad7c769139d","timestamp":"2025-06-10T11:33:33.475Z"}
{"level":"debug","message":"Fetching projects for user:","timestamp":"2025-06-10T11:33:35.460Z","userId":"683e251b543d9ad7c769133f"}
{"count":1,"level":"info","message":"Projects fetched successfully","timestamp":"2025-06-10T11:33:35.519Z"}
{"level":"debug","message":"Fetching project:","projectId":"683e2540543d9ad7c7691343","timestamp":"2025-06-10T11:33:59.519Z","userId":"683e251b543d9ad7c769133f"}
{"level":"info","message":"Project fetched successfully","projectId":"683e2540543d9ad7c7691343","timestamp":"2025-06-10T11:33:59.721Z"}
{"level":"debug","message":"Fetching project:","projectId":"683e2540543d9ad7c7691343","timestamp":"2025-06-10T11:34:10.633Z","userId":"683e251b543d9ad7c769133f"}
{"level":"info","message":"Project fetched successfully","projectId":"683e2540543d9ad7c7691343","timestamp":"2025-06-10T11:34:10.746Z"}
{"level":"debug","message":"Creating board:","name":"dfsfsd","projectId":"683e2540543d9ad7c7691343","timestamp":"2025-06-10T11:34:17.910Z","userId":"683e251b543d9ad7c769133f"}
{"board":{"_id":"6848183a820713e0852e2df1","createdAt":"2025-06-10T11:34:18.060Z","description":"dsfsdfsdfsdf","name":"dfsfsd","order":2,"project":"683e2540543d9ad7c7691343","tasks":[]},"level":"debug","message":"Saving board:","timestamp":"2025-06-10T11:34:18.060Z"}
{"boardId":"6848183a820713e0852e2df1","level":"info","message":"Board created successfully:","projectId":"683e2540543d9ad7c7691343","timestamp":"2025-06-10T11:34:18.190Z","userId":"683e251b543d9ad7c769133f"}
{"level":"debug","message":"Fetching project:","projectId":"683e2540543d9ad7c7691343","timestamp":"2025-06-10T11:34:18.315Z","userId":"683e251b543d9ad7c769133f"}
{"level":"info","message":"Project fetched successfully","projectId":"683e2540543d9ad7c7691343","timestamp":"2025-06-10T11:34:18.427Z"}
{"level":"debug","message":"Fetching project:","projectId":"683e2540543d9ad7c7691343","timestamp":"2025-06-10T11:34:24.628Z","userId":"683e251b543d9ad7c769133f"}
{"level":"info","message":"Project fetched successfully","projectId":"683e2540543d9ad7c7691343","timestamp":"2025-06-10T11:34:24.770Z"}
{"level":"debug","message":"Creating board:","name":"fdsfsdf","projectId":"683e2540543d9ad7c7691343","timestamp":"2025-06-10T11:34:31.725Z","userId":"683e251b543d9ad7c769133f"}
{"board":{"_id":"68481848820713e0852e2e02","createdAt":"2025-06-10T11:34:32.134Z","description":"fsdfsdf","name":"fdsfsdf","order":3,"project":"683e2540543d9ad7c7691343","tasks":[]},"level":"debug","message":"Saving board:","timestamp":"2025-06-10T11:34:32.134Z"}
{"boardId":"68481848820713e0852e2e02","level":"info","message":"Board created successfully:","projectId":"683e2540543d9ad7c7691343","timestamp":"2025-06-10T11:34:32.265Z","userId":"683e251b543d9ad7c769133f"}
{"level":"debug","message":"Fetching project:","projectId":"683e2540543d9ad7c7691343","timestamp":"2025-06-10T11:34:32.386Z","userId":"683e251b543d9ad7c769133f"}
{"level":"info","message":"Project fetched successfully","projectId":"683e2540543d9ad7c7691343","timestamp":"2025-06-10T11:34:33.104Z"}
{"level":"debug","message":"Fetching project:","projectId":"683e2540543d9ad7c7691343","timestamp":"2025-06-10T11:35:24.454Z","userId":"683e251b543d9ad7c769133f"}
{"level":"info","message":"Project fetched successfully","projectId":"683e2540543d9ad7c7691343","timestamp":"2025-06-10T11:35:24.562Z"}
{"level":"debug","message":"Creating board:","name":"sdadsd","projectId":"683e2540543d9ad7c7691343","timestamp":"2025-06-10T11:35:27.942Z","userId":"683e251b543d9ad7c769133f"}
{"board":{"_id":"68481880820713e0852e2e13","createdAt":"2025-06-10T11:35:28.047Z","description":"sdaadasd","name":"sdadsd","order":4,"project":"683e2540543d9ad7c7691343","tasks":[]},"level":"debug","message":"Saving board:","timestamp":"2025-06-10T11:35:28.047Z"}
{"boardId":"68481880820713e0852e2e13","level":"info","message":"Board created successfully:","projectId":"683e2540543d9ad7c7691343","timestamp":"2025-06-10T11:35:28.165Z","userId":"683e251b543d9ad7c769133f"}
{"level":"debug","message":"Fetching project:","projectId":"683e2540543d9ad7c7691343","timestamp":"2025-06-10T11:35:28.277Z","userId":"683e251b543d9ad7c769133f"}
{"level":"info","message":"Project fetched successfully","projectId":"683e2540543d9ad7c7691343","timestamp":"2025-06-10T11:35:28.383Z"}
{"level":"info","message":"Connecting to MongoDB...","timestamp":"2025-06-10T11:35:38.707Z","uri":"mongodb+srv://usr:yxHGu2qSsy5U9nUj@cluster0.czydhwd.mongodb.net/?retryWrites=true&w=majority&appName=Cluster0"}
{"level":"info","message":"Connected to MongoDB successfully","timestamp":"2025-06-10T11:35:39.668Z"}
{"level":"info","message":"Server is running on port 3000","timestamp":"2025-06-10T11:35:39.770Z"}
{"level":"info","message":"API Documentation available at http://localhost:3000/api-docs","timestamp":"2025-06-10T11:35:39.770Z"}
{"level":"debug","message":"Fetching project:","projectId":"683e2540543d9ad7c7691343","timestamp":"2025-06-10T11:35:51.520Z","userId":"683e251b543d9ad7c769133f"}
{"level":"info","message":"Project fetched successfully","projectId":"683e2540543d9ad7c7691343","timestamp":"2025-06-10T11:35:51.663Z"}
{"level":"debug","message":"Creating board:","name":"fdfsdfsf","projectId":"683e2540543d9ad7c7691343","timestamp":"2025-06-10T11:35:55.391Z","userId":"683e251b543d9ad7c769133f"}
{"board":{"_id":"6848189bea85d9b9ce4cb79a","createdAt":"2025-06-10T11:35:55.505Z","description":"sdffdssd","name":"fdfsdfsf","order":5,"project":"683e2540543d9ad7c7691343","tasks":[]},"level":"debug","message":"Saving board:","timestamp":"2025-06-10T11:35:55.506Z"}
{"boardId":"6848189bea85d9b9ce4cb79a","level":"info","message":"Board created successfully:","projectId":"683e2540543d9ad7c7691343","timestamp":"2025-06-10T11:35:55.652Z","userId":"683e251b543d9ad7c769133f"}
{"level":"debug","message":"Fetching project:","projectId":"683e2540543d9ad7c7691343","timestamp":"2025-06-10T11:35:55.771Z","userId":"683e251b543d9ad7c769133f"}
{"level":"info","message":"Project fetched successfully","projectId":"683e2540543d9ad7c7691343","timestamp":"2025-06-10T11:35:55.883Z"}
{"boardId":"6848189bea85d9b9ce4cb79a","level":"info","message":"Board deleted successfully","timestamp":"2025-06-10T11:35:56.850Z"}
{"level":"debug","message":"Fetching project:","projectId":"683e2540543d9ad7c7691343","timestamp":"2025-06-10T11:35:56.866Z","userId":"683e251b543d9ad7c769133f"}
{"level":"info","message":"Project fetched successfully","projectId":"683e2540543d9ad7c7691343","timestamp":"2025-06-10T11:35:56.981Z"}
{"level":"debug","message":"Creating board:","name":"fdsfsdf","projectId":"683e2540543d9ad7c7691343","timestamp":"2025-06-10T11:36:01.372Z","userId":"683e251b543d9ad7c769133f"}
{"board":{"_id":"684818a1ea85d9b9ce4cb7ac","createdAt":"2025-06-10T11:36:01.482Z","description":"fsdfsdfsdf","name":"fdsfsdf","order":5,"project":"683e2540543d9ad7c7691343","tasks":[]},"level":"debug","message":"Saving board:","timestamp":"2025-06-10T11:36:01.482Z"}
{"boardId":"684818a1ea85d9b9ce4cb7ac","level":"info","message":"Board created successfully:","projectId":"683e2540543d9ad7c7691343","timestamp":"2025-06-10T11:36:01.601Z","userId":"683e251b543d9ad7c769133f"}
{"level":"debug","message":"Fetching project:","projectId":"683e2540543d9ad7c7691343","timestamp":"2025-06-10T11:36:01.714Z","userId":"683e251b543d9ad7c769133f"}
{"level":"info","message":"Project fetched successfully","projectId":"683e2540543d9ad7c7691343","timestamp":"2025-06-10T11:36:01.823Z"}
{"level":"debug","message":"Fetching projects for user:","timestamp":"2025-06-10T11:36:09.897Z","userId":"683e251b543d9ad7c769133f"}
{"count":1,"level":"info","message":"Projects fetched successfully","timestamp":"2025-06-10T11:36:09.953Z"}
{"level":"debug","message":"Fetching projects for user:","timestamp":"2025-06-10T11:37:24.818Z","userId":"683e251b543d9ad7c769133f"}
{"count":1,"level":"info","message":"Projects fetched successfully","timestamp":"2025-06-10T11:37:24.875Z"}
{"level":"debug","message":"Fetching projects for user:","timestamp":"2025-06-10T11:37:49.825Z","userId":"683e251b543d9ad7c769133f"}
{"count":1,"level":"info","message":"Projects fetched successfully","timestamp":"2025-06-10T11:37:50.169Z"}
{"level":"info","message":"Connecting to MongoDB...","timestamp":"2025-06-10T11:38:54.548Z","uri":"mongodb+srv://usr:yxHGu2qSsy5U9nUj@cluster0.czydhwd.mongodb.net/?retryWrites=true&w=majority&appName=Cluster0"}
{"level":"info","message":"Connected to MongoDB successfully","timestamp":"2025-06-10T11:38:55.474Z"}
{"level":"info","message":"Server is running on port 3000","timestamp":"2025-06-10T11:38:55.607Z"}
{"level":"info","message":"API Documentation available at http://localhost:3000/api-docs","timestamp":"2025-06-10T11:38:55.608Z"}
{"level":"debug","message":"Fetching projects for user:","timestamp":"2025-06-10T11:39:00.818Z","userId":"683e251b543d9ad7c769133f"}
{"count":1,"level":"info","message":"Projects fetched successfully","timestamp":"2025-06-10T11:39:00.888Z"}
{"level":"debug","message":"Deleting project:","projectId":"683e2540543d9ad7c7691343","timestamp":"2025-06-10T11:39:04.293Z","userId":"683e251b543d9ad7c769133f"}
{"level":"info","message":"Project deleted successfully","projectId":"683e2540543d9ad7c7691343","timestamp":"2025-06-10T11:39:04.455Z"}
{"level":"debug","message":"Creating new project:","name":"Let sgoo","timestamp":"2025-06-10T11:39:09.966Z","userId":"683e251b543d9ad7c769133f"}
{"level":"info","message":"Project created successfully","projectId":"6848195dfda959f38dcf380b","timestamp":"2025-06-10T11:39:10.040Z"}
{"level":"debug","message":"Fetching projects for user:","timestamp":"2025-06-10T11:39:10.083Z","userId":"683e251b543d9ad7c769133f"}
{"count":1,"level":"info","message":"Projects fetched successfully","timestamp":"2025-06-10T11:39:10.140Z"}
{"level":"debug","message":"Fetching project:","projectId":"6848195dfda959f38dcf380b","timestamp":"2025-06-10T11:39:11.932Z","userId":"683e251b543d9ad7c769133f"}
{"level":"info","message":"Project fetched successfully","projectId":"6848195dfda959f38dcf380b","timestamp":"2025-06-10T11:39:12.050Z"}
{"level":"debug","message":"Creating board:","name":"Type shit","projectId":"6848195dfda959f38dcf380b","timestamp":"2025-06-10T11:39:17.188Z","userId":"683e251b543d9ad7c769133f"}
{"board":{"_id":"68481965fda959f38dcf3815","createdAt":"2025-06-10T11:39:17.371Z","description":null,"name":"Type shit","order":0,"project":"6848195dfda959f38dcf380b","tasks":[]},"level":"debug","message":"Saving board:","timestamp":"2025-06-10T11:39:17.371Z"}
{"boardId":"68481965fda959f38dcf3815","level":"info","message":"Board created successfully:","projectId":"6848195dfda959f38dcf380b","timestamp":"2025-06-10T11:39:17.495Z","userId":"683e251b543d9ad7c769133f"}
{"level":"debug","message":"Fetching project:","projectId":"6848195dfda959f38dcf380b","timestamp":"2025-06-10T11:39:17.607Z","userId":"683e251b543d9ad7c769133f"}
{"level":"info","message":"Project fetched successfully","projectId":"6848195dfda959f38dcf380b","timestamp":"2025-06-10T11:39:17.722Z"}
{"boardId":"68481965fda959f38dcf3815","level":"info","message":"Board deleted successfully","timestamp":"2025-06-10T11:39:18.933Z"}
{"level":"debug","message":"Fetching project:","projectId":"6848195dfda959f38dcf380b","timestamp":"2025-06-10T11:39:18.951Z","userId":"683e251b543d9ad7c769133f"}
{"level":"info","message":"Project fetched successfully","projectId":"6848195dfda959f38dcf380b","timestamp":"2025-06-10T11:39:19.065Z"}
{"level":"debug","message":"Fetching projects for user:","timestamp":"2025-06-10T11:40:15.240Z","userId":"683e251b543d9ad7c769133f"}
{"count":1,"level":"info","message":"Projects fetched successfully","timestamp":"2025-06-10T11:40:15.296Z"}
{"level":"debug","message":"Fetching project:","projectId":"6848195dfda959f38dcf380b","timestamp":"2025-06-10T11:40:17.124Z","userId":"683e251b543d9ad7c769133f"}
{"level":"info","message":"Project fetched successfully","projectId":"6848195dfda959f38dcf380b","timestamp":"2025-06-10T11:40:17.237Z"}
{"level":"debug","message":"Fetching projects for user:","timestamp":"2025-06-10T11:40:18.137Z","userId":"683e251b543d9ad7c769133f"}
{"count":1,"level":"info","message":"Projects fetched successfully","timestamp":"2025-06-10T11:40:18.193Z"}
